# Logfile created on 2012-08-11 13:13:30 +0200 by logger.rb/31641
REQUESTING PAGE: GET /signup with {} and HTTP headers {}
REQUESTING PAGE: GET /signup with {} and HTTP headers {}
REQUESTING PAGE: GET /signup with {} and HTTP headers {}
REQUESTING PAGE: GET /signup with {} and HTTP headers {}
REQUESTING PAGE: GET /users/78 with {} and HTTP headers {}
REQUESTING PAGE: GET /users/79 with {} and HTTP headers {}
REQUESTING PAGE: GET /users/80 with {} and HTTP headers {}
REQUESTING PAGE: GET /users/86 with {} and HTTP headers {}
REQUESTING PAGE: GET /users/87 with {} and HTTP headers {}
REQUESTING PAGE: GET /users/88 with {} and HTTP headers {}
REQUESTING PAGE: GET /users/99 with {} and HTTP headers {}
REQUESTING PAGE: GET /users/100 with {} and HTTP headers {}
REQUESTING PAGE: GET /users/101 with {} and HTTP headers {}
REQUESTING PAGE: GET /users/107 with {} and HTTP headers {}
REQUESTING PAGE: GET /users/108 with {} and HTTP headers {}
REQUESTING PAGE: GET /users/109 with {} and HTTP headers {}
REQUESTING PAGE: GET /users/115 with {} and HTTP headers {}
REQUESTING PAGE: GET /users/116 with {} and HTTP headers {}
REQUESTING PAGE: GET /users/117 with {} and HTTP headers {}
REQUESTING PAGE: GET /users/123 with {} and HTTP headers {}
REQUESTING PAGE: GET /users/124 with {} and HTTP headers {}
REQUESTING PAGE: GET /users/125 with {} and HTTP headers {}
REQUESTING PAGE: GET /users/131 with {} and HTTP headers {}
REQUESTING PAGE: GET /users/132 with {} and HTTP headers {}
REQUESTING PAGE: GET /users/133 with {} and HTTP headers {}
REQUESTING PAGE: GET /users/139 with {} and HTTP headers {}
REQUESTING PAGE: GET /users/140 with {} and HTTP headers {}
REQUESTING PAGE: GET /users/141 with {} and HTTP headers {}
REQUESTING PAGE: GET /users/147 with {} and HTTP headers {}
REQUESTING PAGE: GET /users/148 with {} and HTTP headers {}
REQUESTING PAGE: GET /users/149 with {} and HTTP headers {}
REQUESTING PAGE: GET /users/150 with {} and HTTP headers {}
REQUESTING PAGE: GET /users/151 with {} and HTTP headers {}
REQUESTING PAGE: GET /users/152 with {} and HTTP headers {}
REQUESTING PAGE: GET /users/163 with {} and HTTP headers {}
REQUESTING PAGE: GET /users/164 with {} and HTTP headers {}
REQUESTING PAGE: GET /users/165 with {} and HTTP headers {}
REQUESTING PAGE: GET /users/171 with {} and HTTP headers {}
REQUESTING PAGE: GET /users/172 with {} and HTTP headers {}
REQUESTING PAGE: GET /users/173 with {} and HTTP headers {}
REQUESTING PAGE: GET /pages/home with {} and HTTP headers {}
REQUESTING PAGE: GET /users/179 with {} and HTTP headers {}
REQUESTING PAGE: GET /users/180 with {} and HTTP headers {}
REQUESTING PAGE: GET /users/181 with {} and HTTP headers {}
REQUESTING PAGE: GET /users/182 with {} and HTTP headers {}
REQUESTING PAGE: GET /users/183 with {} and HTTP headers {}
REQUESTING PAGE: GET /users/184 with {} and HTTP headers {}
REQUESTING PAGE: GET /home with {} and HTTP headers {}
